<?xml version="1.0" encoding="utf-8"?><testsuites name="pytest tests"><testsuite name="pytest" errors="0" failures="2" skipped="0" tests="9" time="1.243" timestamp="2025-07-10T21:48:33.923105+08:00" hostname="BF-202302122330"><testcase classname="test_case.test_163" name="test163" time="0.135" /><testcase classname="test_case.test_51job" name="test_51job" time="0.118" /><testcase classname="test_case.test_baidu" name="test_boke" time="0.123" /><testcase classname="test_case.test_baidu" name="test_baidu" time="0.097" /><testcase classname="test_case.test_boke" name="test_boke" time="0.116" /><testcase classname="test_case.test_bubei" name="testbubei" time="0.003" /><testcase classname="test_case.test_bubei" name="test_case_excelbubei[test0]" time="0.086"><failure message="AssertionError: 断言失败，实际结果与预期结果不一致&#10;assert {'data_kind':..._code': 20000} == {'data_kind':..._code': 20000}&#10;  &#10;  Omitting 3 identical items, use -vv to show&#10;  Differing items:&#10;  {'error_body': {'info': '图片验证码不正确或已过期', 'user_message': '图片验证码不正确或已过期'}} != {'error_body': {'info': '用户名或密码不正确', 'user_message': '用户名或密码不正确'}}&#10;  Use -v to get more diff">test = {'data': '{"captchaToken":"t296787.26843810466","userName":"15979197624","passwd":"123456","verifyCode":"23"}', 'expec...essage": "图片验证码不正确或已过期",\n        "info": "图片验证码不正确或已过期"\n    }\n}', 'header': 'connection:keep-alive', 'id': 1.0, ...}

    @pytest.mark.parametrize('test',testbubei())
    def test_case_excelbubei(test):
        #print("当前用例",test)
        response = requests.request(
            url=test['url'],
            method=test['method'],
            params=eval(test['data']),
        )
    
        print('接口响应',response.text)
        # 断言
&gt;       assert eval(test['expect']) == eval(response.content.decode('utf-8')), "断言失败，实际结果与预期结果不一致"
E       AssertionError: 断言失败，实际结果与预期结果不一致
E       assert {'data_kind':..._code': 20000} == {'data_kind':..._code': 20000}
E         
E         Omitting 3 identical items, use -vv to show
E         Differing items:
E         {'error_body': {'info': '图片验证码不正确或已过期', 'user_message': '图片验证码不正确或已过期'}} != {'error_body': {'info': '用户名或密码不正确', 'user_message': '用户名或密码不正确'}}
E         Use -v to get more diff

..\test_case\test_bubei.py:49: AssertionError</failure></testcase><testcase classname="test_case.test_bubei" name="test_case_excelbubei[test1]" time="0.054"><failure message="  File &quot;&lt;string&gt;&quot;, line 1&#10;    &lt;!doctype html&gt;&lt;html lang=&quot;en&quot;&gt;&lt;head&gt;&lt;title&gt;HTTP Status 405 – Method Not Allowed&lt;/title&gt;&lt;style type=&quot;text/css&quot;&gt;body {font-family:Tahoma,Arial,sans-serif;} h1, h2, h3, b {color:white;background-color:#525D76;} h1 {font-size:22px;} h2 {font-size:16px;} h3 {font-size:14px;} p {font-size:12px;} a {color:black;} .line {height:1px;background-color:#525D76;border:none;}&lt;/style&gt;&lt;/head&gt;&lt;body&gt;&lt;h1&gt;HTTP Status 405 – Method Not Allowed&lt;/h1&gt;&lt;hr class=&quot;line&quot; /&gt;&lt;p&gt;&lt;b&gt;Type&lt;/b&gt; Status Report&lt;/p&gt;&lt;p&gt;&lt;b&gt;Message&lt;/b&gt; Request method &amp;#39;POST&amp;#39; not supported&lt;/p&gt;&lt;p&gt;&lt;b&gt;Description&lt;/b&gt; The method received in the request-line is known by the origin server but not supported by the target resource.&lt;/p&gt;&lt;hr class=&quot;line&quot; /&gt;&lt;h3&gt;***&lt;/h3&gt;&lt;/body&gt;&lt;/html&gt;&#10;    ^&#10;SyntaxError: invalid syntax">test = {'data': "{'captchaToken':'t229018.22179783683','userName':'15979197624','passwd':'2','verifyCode':'PCY8'}", 'expect':...user_message": "用户名或密码不正确",\n        "info": "用户名或密码不正确"\n    }\n}', 'header': 'connection:keep-alive', 'id': 2.0, ...}

    @pytest.mark.parametrize('test',testbubei())
    def test_case_excelbubei(test):
        #print("当前用例",test)
        response = requests.request(
            url=test['url'],
            method=test['method'],
            params=eval(test['data']),
        )
    
        print('接口响应',response.text)
        # 断言
&gt;       assert eval(test['expect']) == eval(response.content.decode('utf-8')), "断言失败，实际结果与预期结果不一致"
E         File "&lt;string&gt;", line 1
E           &lt;!doctype html&gt;&lt;html lang="en"&gt;&lt;head&gt;&lt;title&gt;HTTP Status 405 – Method Not Allowed&lt;/title&gt;&lt;style type="text/css"&gt;body {font-family:Tahoma,Arial,sans-serif;} h1, h2, h3, b {color:white;background-color:#525D76;} h1 {font-size:22px;} h2 {font-size:16px;} h3 {font-size:14px;} p {font-size:12px;} a {color:black;} .line {height:1px;background-color:#525D76;border:none;}&lt;/style&gt;&lt;/head&gt;&lt;body&gt;&lt;h1&gt;HTTP Status 405 – Method Not Allowed&lt;/h1&gt;&lt;hr class="line" /&gt;&lt;p&gt;&lt;b&gt;Type&lt;/b&gt; Status Report&lt;/p&gt;&lt;p&gt;&lt;b&gt;Message&lt;/b&gt; Request method &amp;#39;POST&amp;#39; not supported&lt;/p&gt;&lt;p&gt;&lt;b&gt;Description&lt;/b&gt; The method received in the request-line is known by the origin server but not supported by the target resource.&lt;/p&gt;&lt;hr class="line" /&gt;&lt;h3&gt;***&lt;/h3&gt;&lt;/body&gt;&lt;/html&gt;
E           ^
E       SyntaxError: invalid syntax

..\test_case\test_bubei.py:49: SyntaxError</failure></testcase><testcase classname="test_case.test_day2" name="test_test1" time="0.278" /></testsuite></testsuites>